  main.cpp
C:\Users\sarue\Desktop\Mario (1)\Mario\Blit3Dv3\main.cpp(118,28): warning C4244: 'argument': conversion from 'T' to 'const unsigned __int64', possible loss of data
          with
          [
              T=float
          ]
C:\Users\sarue\Desktop\Mario (1)\Mario\Blit3Dv3\main.cpp(118,52): warning C4244: 'argument': conversion from 'T' to 'const unsigned __int64', possible loss of data
          with
          [
              T=float
          ]
C:\Users\sarue\Desktop\Mario (1)\Mario\Blit3Dv3\main.cpp(135,34): warning C4244: 'argument': conversion from 'T' to 'const unsigned __int64', possible loss of data
          with
          [
              T=float
          ]
C:\Users\sarue\Desktop\Mario (1)\Mario\Blit3Dv3\main.cpp(135,62): warning C4244: 'argument': conversion from 'T' to 'const unsigned __int64', possible loss of data
          with
          [
              T=float
          ]
C:\Users\sarue\Desktop\Mario (1)\Mario\Blit3Dv3\main.cpp(136,29): warning C4244: 'argument': conversion from 'T' to 'const unsigned __int64', possible loss of data
          with
          [
              T=float
          ]
C:\Users\sarue\Desktop\Mario (1)\Mario\Blit3Dv3\main.cpp(136,58): warning C4244: 'argument': conversion from 'T' to 'const unsigned __int64', possible loss of data
          with
          [
              T=float
          ]
C:\Users\sarue\Desktop\Mario (1)\Mario\Blit3Dv3\main.cpp(137,34): warning C4244: 'argument': conversion from 'T' to 'const unsigned __int64', possible loss of data
          with
          [
              T=float
          ]
C:\Users\sarue\Desktop\Mario (1)\Mario\Blit3Dv3\main.cpp(137,62): warning C4244: 'argument': conversion from 'T' to 'const unsigned __int64', possible loss of data
          with
          [
              T=float
          ]
C:\Users\sarue\Desktop\Mario (1)\Mario\Blit3Dv3\main.cpp(138,34): warning C4244: 'argument': conversion from 'T' to 'const unsigned __int64', possible loss of data
          with
          [
              T=float
          ]
C:\Users\sarue\Desktop\Mario (1)\Mario\Blit3Dv3\main.cpp(138,57): warning C4244: 'argument': conversion from 'T' to 'const unsigned __int64', possible loss of data
          with
          [
              T=float
          ]
C:\Users\sarue\Desktop\Mario (1)\Mario\Blit3Dv3\main.cpp(139,34): warning C4244: 'argument': conversion from 'T' to 'const unsigned __int64', possible loss of data
          with
          [
              T=float
          ]
C:\Users\sarue\Desktop\Mario (1)\Mario\Blit3Dv3\main.cpp(139,57): warning C4244: 'argument': conversion from 'T' to 'const unsigned __int64', possible loss of data
          with
          [
              T=float
          ]
C:\Users\sarue\Desktop\Mario (1)\Mario\Blit3Dv3\main.cpp(140,34): warning C4244: 'argument': conversion from 'T' to 'const unsigned __int64', possible loss of data
          with
          [
              T=float
          ]
C:\Users\sarue\Desktop\Mario (1)\Mario\Blit3Dv3\main.cpp(140,62): warning C4244: 'argument': conversion from 'T' to 'const unsigned __int64', possible loss of data
          with
          [
              T=float
          ]
C:\Users\sarue\Desktop\Mario (1)\Mario\Blit3Dv3\main.cpp(141,29): warning C4244: 'argument': conversion from 'T' to 'const unsigned __int64', possible loss of data
          with
          [
              T=float
          ]
C:\Users\sarue\Desktop\Mario (1)\Mario\Blit3Dv3\main.cpp(141,58): warning C4244: 'argument': conversion from 'T' to 'const unsigned __int64', possible loss of data
          with
          [
              T=float
          ]
C:\Users\sarue\Desktop\Mario (1)\Mario\Blit3Dv3\main.cpp(142,34): warning C4244: 'argument': conversion from 'T' to 'const unsigned __int64', possible loss of data
          with
          [
              T=float
          ]
C:\Users\sarue\Desktop\Mario (1)\Mario\Blit3Dv3\main.cpp(142,62): warning C4244: 'argument': conversion from 'T' to 'const unsigned __int64', possible loss of data
          with
          [
              T=float
          ]
C:\Users\sarue\Desktop\Mario (1)\Mario\Blit3Dv3\main.cpp(340,14): warning C4267: 'initializing': conversion from 'size_t' to 'int', possible loss of data
C:\Users\sarue\Desktop\Mario (1)\Mario\Blit3Dv3\main.cpp(367,22): warning C4244: 'initializing': conversion from 'float' to 'int', possible loss of data
C:\Users\sarue\Desktop\Mario (1)\Mario\Blit3Dv3\main.cpp(368,26): warning C4244: '=': conversion from 'int' to 'float', possible loss of data
C:\Users\sarue\Desktop\Mario (1)\Mario\Blit3Dv3\main.cpp(376,19): warning C4244: '-=': conversion from 'float' to 'int', possible loss of data
C:\Users\sarue\Desktop\Mario (1)\Mario\Blit3Dv3\main.cpp(389,13): warning C4244: '-=': conversion from 'float' to 'int', possible loss of data
C:\Users\sarue\Desktop\Mario (1)\Mario\Blit3Dv3\main.cpp(402,14): warning C4244: 'initializing': conversion from 'T' to 'int', possible loss of data
          with
          [
              T=float
          ]
C:\Users\sarue\Desktop\Mario (1)\Mario\Blit3Dv3\main.cpp(403,14): warning C4244: 'initializing': conversion from 'T' to 'int', possible loss of data
          with
          [
              T=float
          ]
  Blit3Dv3.vcxproj -> C:\Users\sarue\Desktop\Mario (1)\Mario\x64\Debug\Blit3Dv3.exe
