  AngelcodeFont.cpp
  BFont.cpp
  Blit3D.cpp
  ByteSwap.cpp
  glslprogram.cpp
  glutils.cpp
  Logger.cpp
  RenderBuffer.cpp
  ShaderManager.cpp
  Sprite.cpp
  TextureManager.cpp
  main.cpp
C:\Users\sarue\Desktop\Mario\Blit3Dv3\main.cpp(193,28): warning C4244: 'argument': conversion from 'T' to 'const unsigned __int64', possible loss of data
          with
          [
              T=float
          ]
C:\Users\sarue\Desktop\Mario\Blit3Dv3\main.cpp(193,52): warning C4244: 'argument': conversion from 'T' to 'const unsigned __int64', possible loss of data
          with
          [
              T=float
          ]
C:\Users\sarue\Desktop\Mario\Blit3Dv3\main.cpp(210,34): warning C4244: 'argument': conversion from 'T' to 'const unsigned __int64', possible loss of data
          with
          [
              T=float
          ]
C:\Users\sarue\Desktop\Mario\Blit3Dv3\main.cpp(210,62): warning C4244: 'argument': conversion from 'T' to 'const unsigned __int64', possible loss of data
          with
          [
              T=float
          ]
C:\Users\sarue\Desktop\Mario\Blit3Dv3\main.cpp(211,29): warning C4244: 'argument': conversion from 'T' to 'const unsigned __int64', possible loss of data
          with
          [
              T=float
          ]
C:\Users\sarue\Desktop\Mario\Blit3Dv3\main.cpp(211,58): warning C4244: 'argument': conversion from 'T' to 'const unsigned __int64', possible loss of data
          with
          [
              T=float
          ]
C:\Users\sarue\Desktop\Mario\Blit3Dv3\main.cpp(212,34): warning C4244: 'argument': conversion from 'T' to 'const unsigned __int64', possible loss of data
          with
          [
              T=float
          ]
C:\Users\sarue\Desktop\Mario\Blit3Dv3\main.cpp(212,62): warning C4244: 'argument': conversion from 'T' to 'const unsigned __int64', possible loss of data
          with
          [
              T=float
          ]
C:\Users\sarue\Desktop\Mario\Blit3Dv3\main.cpp(213,34): warning C4244: 'argument': conversion from 'T' to 'const unsigned __int64', possible loss of data
          with
          [
              T=float
          ]
C:\Users\sarue\Desktop\Mario\Blit3Dv3\main.cpp(213,57): warning C4244: 'argument': conversion from 'T' to 'const unsigned __int64', possible loss of data
          with
          [
              T=float
          ]
C:\Users\sarue\Desktop\Mario\Blit3Dv3\main.cpp(214,34): warning C4244: 'argument': conversion from 'T' to 'const unsigned __int64', possible loss of data
          with
          [
              T=float
          ]
C:\Users\sarue\Desktop\Mario\Blit3Dv3\main.cpp(214,57): warning C4244: 'argument': conversion from 'T' to 'const unsigned __int64', possible loss of data
          with
          [
              T=float
          ]
C:\Users\sarue\Desktop\Mario\Blit3Dv3\main.cpp(215,34): warning C4244: 'argument': conversion from 'T' to 'const unsigned __int64', possible loss of data
          with
          [
              T=float
          ]
C:\Users\sarue\Desktop\Mario\Blit3Dv3\main.cpp(215,62): warning C4244: 'argument': conversion from 'T' to 'const unsigned __int64', possible loss of data
          with
          [
              T=float
          ]
C:\Users\sarue\Desktop\Mario\Blit3Dv3\main.cpp(216,29): warning C4244: 'argument': conversion from 'T' to 'const unsigned __int64', possible loss of data
          with
          [
              T=float
          ]
C:\Users\sarue\Desktop\Mario\Blit3Dv3\main.cpp(216,58): warning C4244: 'argument': conversion from 'T' to 'const unsigned __int64', possible loss of data
          with
          [
              T=float
          ]
C:\Users\sarue\Desktop\Mario\Blit3Dv3\main.cpp(217,34): warning C4244: 'argument': conversion from 'T' to 'const unsigned __int64', possible loss of data
          with
          [
              T=float
          ]
C:\Users\sarue\Desktop\Mario\Blit3Dv3\main.cpp(217,62): warning C4244: 'argument': conversion from 'T' to 'const unsigned __int64', possible loss of data
          with
          [
              T=float
          ]
C:\Users\sarue\Desktop\Mario\Blit3Dv3\main.cpp(254,14): warning C4267: 'initializing': conversion from 'size_t' to 'int', possible loss of data
C:\Users\sarue\Desktop\Mario\Blit3Dv3\main.cpp(282,22): warning C4244: 'initializing': conversion from 'float' to 'int', possible loss of data
C:\Users\sarue\Desktop\Mario\Blit3Dv3\main.cpp(283,26): warning C4244: '=': conversion from 'int' to 'float', possible loss of data
C:\Users\sarue\Desktop\Mario\Blit3Dv3\main.cpp(291,19): warning C4244: '-=': conversion from 'float' to 'int', possible loss of data
C:\Users\sarue\Desktop\Mario\Blit3Dv3\main.cpp(304,13): warning C4244: '-=': conversion from 'float' to 'int', possible loss of data
C:\Users\sarue\Desktop\Mario\Blit3Dv3\main.cpp(311,14): warning C4244: 'initializing': conversion from 'T' to 'int', possible loss of data
          with
          [
              T=float
          ]
C:\Users\sarue\Desktop\Mario\Blit3Dv3\main.cpp(312,14): warning C4244: 'initializing': conversion from 'T' to 'int', possible loss of data
          with
          [
              T=float
          ]
  glew.c
  context.c
C:\Users\sarue\Desktop\Mario\Blit3Dv3\Blit3DBaseFiles\GLFW\context.c(377,10): warning C4996: 'sscanf': This function or variable may be unsafe. Consider using sscanf_s instead. To disable deprecation, use _CRT_SECURE_NO_WARNINGS. See online help for details.
  egl_context.c
  init.c
  input.c
  monitor.c
  vulkan.c
  wgl_context.c
  win32_init.c
  win32_joystick.c
  win32_monitor.c
C:\Users\sarue\Desktop\Mario\Blit3Dv3\Blit3DBaseFiles\GLFW\win32_monitor.c(68,5): warning C4996: 'wcscpy': This function or variable may be unsafe. Consider using wcscpy_s instead. To disable deprecation, use _CRT_SECURE_NO_WARNINGS. See online help for details.
C:\Users\sarue\Desktop\Mario\Blit3Dv3\Blit3DBaseFiles\GLFW\win32_monitor.c(77,9): warning C4996: 'wcscpy': This function or variable may be unsafe. Consider using wcscpy_s instead. To disable deprecation, use _CRT_SECURE_NO_WARNINGS. See online help for details.
  win32_time.c
  win32_tls.c
  win32_window.c
  window.c
  Generating code
  Previous IPDB not found, fall back to full compilation.
  All 2248 functions were compiled because no usable IPDB/IOBJ from previous compilation was found.
  Finished generating code
  Blit3Dv3.vcxproj -> C:\Users\sarue\Desktop\Mario\x64\Release\Mower.exe
