c:\users\sarue\desktop\mario\blit3dv3\x64\release\vc143.pdb
c:\users\sarue\desktop\mario\blit3dv3\x64\release\main.obj
c:\users\sarue\desktop\mario\blit3dv3\x64\release\texturemanager.obj
c:\users\sarue\desktop\mario\blit3dv3\x64\release\sprite.obj
c:\users\sarue\desktop\mario\blit3dv3\x64\release\shadermanager.obj
c:\users\sarue\desktop\mario\blit3dv3\x64\release\renderbuffer.obj
c:\users\sarue\desktop\mario\blit3dv3\x64\release\logger.obj
c:\users\sarue\desktop\mario\blit3dv3\x64\release\glutils.obj
c:\users\sarue\desktop\mario\blit3dv3\x64\release\glslprogram.obj
c:\users\sarue\desktop\mario\blit3dv3\x64\release\byteswap.obj
c:\users\sarue\desktop\mario\blit3dv3\x64\release\blit3d.obj
c:\users\sarue\desktop\mario\blit3dv3\x64\release\bfont.obj
c:\users\sarue\desktop\mario\blit3dv3\x64\release\angelcodefont.obj
c:\users\sarue\desktop\mario\blit3dv3\x64\release\window.obj
c:\users\sarue\desktop\mario\blit3dv3\x64\release\win32_window.obj
c:\users\sarue\desktop\mario\blit3dv3\x64\release\win32_tls.obj
c:\users\sarue\desktop\mario\blit3dv3\x64\release\win32_time.obj
c:\users\sarue\desktop\mario\blit3dv3\x64\release\win32_monitor.obj
c:\users\sarue\desktop\mario\blit3dv3\x64\release\win32_joystick.obj
c:\users\sarue\desktop\mario\blit3dv3\x64\release\win32_init.obj
c:\users\sarue\desktop\mario\blit3dv3\x64\release\wgl_context.obj
c:\users\sarue\desktop\mario\blit3dv3\x64\release\vulkan.obj
c:\users\sarue\desktop\mario\blit3dv3\x64\release\monitor.obj
c:\users\sarue\desktop\mario\blit3dv3\x64\release\input.obj
c:\users\sarue\desktop\mario\blit3dv3\x64\release\init.obj
c:\users\sarue\desktop\mario\blit3dv3\x64\release\egl_context.obj
c:\users\sarue\desktop\mario\blit3dv3\x64\release\context.obj
c:\users\sarue\desktop\mario\blit3dv3\x64\release\glew.obj
c:\users\sarue\desktop\mario\x64\release\mower.exe
c:\users\sarue\desktop\mario\blit3dv3\x64\release\mower.ipdb
c:\users\sarue\desktop\mario\x64\release\mower.pdb
c:\users\sarue\desktop\mario\blit3dv3\x64\release\mower.iobj
c:\users\sarue\desktop\mario\blit3dv3\x64\release\mower.tlog\cl.command.1.tlog
c:\users\sarue\desktop\mario\blit3dv3\x64\release\mower.tlog\cl.items.tlog
c:\users\sarue\desktop\mario\blit3dv3\x64\release\mower.tlog\cl.read.1.tlog
c:\users\sarue\desktop\mario\blit3dv3\x64\release\mower.tlog\cl.write.1.tlog
c:\users\sarue\desktop\mario\blit3dv3\x64\release\mower.tlog\link.command.1.tlog
c:\users\sarue\desktop\mario\blit3dv3\x64\release\mower.tlog\link.read.1.tlog
c:\users\sarue\desktop\mario\blit3dv3\x64\release\mower.tlog\link.write.1.tlog
